2022-04-28 08:12:43.8689 INFO - Application started. Press Ctrl+C to shut down. - 

2022-04-28 08:12:43.9265 INFO - Hosting environment: Development - 

2022-04-28 08:12:43.9447 INFO - Content root path: E:\&&&&sistemas\PegadaHot 2.0\Agencia\src\DevIO.Api - 

2022-04-28 08:13:21.6273 WARN - No type was specified for the decimal property 'valor_aluguel' on entity type 'Garota'. This will cause values to be silently truncated if they do not fit in the default precision and scale. Explicitly specify the SQL server column type that can accommodate all the values in 'OnModelCreating' using 'HasColumnType()', specify precision and scale using 'HasPrecision()' or configure a value converter using 'HasConversion()'. - 

2022-04-28 08:13:21.6418 WARN - No type was specified for the decimal property 'valor_destaque' on entity type 'Garota'. This will cause values to be silently truncated if they do not fit in the default precision and scale. Explicitly specify the SQL server column type that can accommodate all the values in 'OnModelCreating' using 'HasColumnType()', specify precision and scale using 'HasPrecision()' or configure a value converter using 'HasConversion()'. - 

2022-04-28 08:13:21.6497 WARN - No type was specified for the decimal property 'total' on entity type 'GarotaCategoria'. This will cause values to be silently truncated if they do not fit in the default precision and scale. Explicitly specify the SQL server column type that can accommodate all the values in 'OnModelCreating' using 'HasColumnType()', specify precision and scale using 'HasPrecision()' or configure a value converter using 'HasConversion()'. - 

2022-04-28 08:13:21.6497 WARN - No type was specified for the decimal property 'valor_aluguel' on entity type 'GarotaCategoria'. This will cause values to be silently truncated if they do not fit in the default precision and scale. Explicitly specify the SQL server column type that can accommodate all the values in 'OnModelCreating' using 'HasColumnType()', specify precision and scale using 'HasPrecision()' or configure a value converter using 'HasConversion()'. - 

2022-04-28 08:13:21.6621 WARN - No type was specified for the decimal property 'valor_destaque' on entity type 'GarotaCategoria'. This will cause values to be silently truncated if they do not fit in the default precision and scale. Explicitly specify the SQL server column type that can accommodate all the values in 'OnModelCreating' using 'HasColumnType()', specify precision and scale using 'HasPrecision()' or configure a value converter using 'HasConversion()'. - 

2022-04-28 08:13:21.6621 WARN - No type was specified for the decimal property 'Valor' on entity type 'Produto'. This will cause values to be silently truncated if they do not fit in the default precision and scale. Explicitly specify the SQL server column type that can accommodate all the values in 'OnModelCreating' using 'HasColumnType()', specify precision and scale using 'HasPrecision()' or configure a value converter using 'HasConversion()'. - 

2022-04-28 08:19:46.0187 INFO - Application started. Press Ctrl+C to shut down. - 

2022-04-28 08:19:46.0664 INFO - Hosting environment: Development - 

2022-04-28 08:19:46.0664 INFO - Content root path: E:\&&&&sistemas\PegadaHot 2.0\Agencia\src\DevIO.Api - 

2022-04-28 08:20:29.0689 WARN - No type was specified for the decimal property 'valor_aluguel' on entity type 'Garota'. This will cause values to be silently truncated if they do not fit in the default precision and scale. Explicitly specify the SQL server column type that can accommodate all the values in 'OnModelCreating' using 'HasColumnType()', specify precision and scale using 'HasPrecision()' or configure a value converter using 'HasConversion()'. - 

2022-04-28 08:20:29.0845 WARN - No type was specified for the decimal property 'valor_destaque' on entity type 'Garota'. This will cause values to be silently truncated if they do not fit in the default precision and scale. Explicitly specify the SQL server column type that can accommodate all the values in 'OnModelCreating' using 'HasColumnType()', specify precision and scale using 'HasPrecision()' or configure a value converter using 'HasConversion()'. - 

2022-04-28 08:20:29.0845 WARN - No type was specified for the decimal property 'total' on entity type 'GarotaCategoria'. This will cause values to be silently truncated if they do not fit in the default precision and scale. Explicitly specify the SQL server column type that can accommodate all the values in 'OnModelCreating' using 'HasColumnType()', specify precision and scale using 'HasPrecision()' or configure a value converter using 'HasConversion()'. - 

2022-04-28 08:20:29.0845 WARN - No type was specified for the decimal property 'valor_aluguel' on entity type 'GarotaCategoria'. This will cause values to be silently truncated if they do not fit in the default precision and scale. Explicitly specify the SQL server column type that can accommodate all the values in 'OnModelCreating' using 'HasColumnType()', specify precision and scale using 'HasPrecision()' or configure a value converter using 'HasConversion()'. - 

2022-04-28 08:20:29.0998 WARN - No type was specified for the decimal property 'valor_destaque' on entity type 'GarotaCategoria'. This will cause values to be silently truncated if they do not fit in the default precision and scale. Explicitly specify the SQL server column type that can accommodate all the values in 'OnModelCreating' using 'HasColumnType()', specify precision and scale using 'HasPrecision()' or configure a value converter using 'HasConversion()'. - 

2022-04-28 08:20:29.0998 WARN - No type was specified for the decimal property 'Valor' on entity type 'Produto'. This will cause values to be silently truncated if they do not fit in the default precision and scale. Explicitly specify the SQL server column type that can accommodate all the values in 'OnModelCreating' using 'HasColumnType()', specify precision and scale using 'HasPrecision()' or configure a value converter using 'HasConversion()'. - 

2022-04-28 18:34:04.9299 FATAL - Application startup exception -    at Microsoft.Extensions.DependencyInjection.ServiceLookup.CallSiteValidator.ValidateResolution(Type serviceType, IServiceScope scope, IServiceScope rootScope)
   at Microsoft.Extensions.DependencyInjection.ServiceProvider.Microsoft.Extensions.DependencyInjection.ServiceLookup.IServiceProviderEngineCallback.OnResolve(Type serviceType, IServiceScope scope)
   at Microsoft.Extensions.DependencyInjection.ServiceLookup.ServiceProviderEngine.GetService(Type serviceType, ServiceProviderEngineScope serviceProviderEngineScope)
   at Microsoft.Extensions.DependencyInjection.ServiceLookup.ServiceProviderEngineScope.GetService(Type serviceType)
   at Microsoft.Extensions.Internal.ActivatorUtilities.ConstructorMatcher.CreateInstance(IServiceProvider provider)
   at Microsoft.Extensions.Internal.ActivatorUtilities.CreateInstance(IServiceProvider provider, Type instanceType, Object[] parameters)
   at Microsoft.AspNetCore.Builder.UseMiddlewareExtensions.<>c__DisplayClass5_0.<UseMiddleware>b__0(RequestDelegate next)
   at Microsoft.AspNetCore.Builder.ApplicationBuilder.Build()
   at Microsoft.AspNetCore.Hosting.GenericWebHostService.StartAsync(CancellationToken cancellationToken)

2022-04-28 18:35:05.0025 FATAL - Application startup exception -    at Microsoft.Extensions.DependencyInjection.ServiceLookup.CallSiteValidator.ValidateResolution(Type serviceType, IServiceScope scope, IServiceScope rootScope)
   at Microsoft.Extensions.DependencyInjection.ServiceProvider.Microsoft.Extensions.DependencyInjection.ServiceLookup.IServiceProviderEngineCallback.OnResolve(Type serviceType, IServiceScope scope)
   at Microsoft.Extensions.DependencyInjection.ServiceLookup.ServiceProviderEngine.GetService(Type serviceType, ServiceProviderEngineScope serviceProviderEngineScope)
   at Microsoft.Extensions.DependencyInjection.ServiceLookup.ServiceProviderEngineScope.GetService(Type serviceType)
   at Microsoft.Extensions.Internal.ActivatorUtilities.ConstructorMatcher.CreateInstance(IServiceProvider provider)
   at Microsoft.Extensions.Internal.ActivatorUtilities.CreateInstance(IServiceProvider provider, Type instanceType, Object[] parameters)
   at Microsoft.AspNetCore.Builder.UseMiddlewareExtensions.<>c__DisplayClass5_0.<UseMiddleware>b__0(RequestDelegate next)
   at Microsoft.AspNetCore.Builder.ApplicationBuilder.Build()
   at Microsoft.AspNetCore.Hosting.GenericWebHostService.StartAsync(CancellationToken cancellationToken)

2022-04-28 18:35:49.2204 FATAL - Application startup exception -    at Microsoft.Extensions.DependencyInjection.ServiceLookup.CallSiteValidator.ValidateResolution(Type serviceType, IServiceScope scope, IServiceScope rootScope)
   at Microsoft.Extensions.DependencyInjection.ServiceProvider.Microsoft.Extensions.DependencyInjection.ServiceLookup.IServiceProviderEngineCallback.OnResolve(Type serviceType, IServiceScope scope)
   at Microsoft.Extensions.DependencyInjection.ServiceLookup.ServiceProviderEngine.GetService(Type serviceType, ServiceProviderEngineScope serviceProviderEngineScope)
   at Microsoft.Extensions.DependencyInjection.ServiceLookup.ServiceProviderEngineScope.GetService(Type serviceType)
   at Microsoft.Extensions.Internal.ActivatorUtilities.ConstructorMatcher.CreateInstance(IServiceProvider provider)
   at Microsoft.Extensions.Internal.ActivatorUtilities.CreateInstance(IServiceProvider provider, Type instanceType, Object[] parameters)
   at Microsoft.AspNetCore.Builder.UseMiddlewareExtensions.<>c__DisplayClass5_0.<UseMiddleware>b__0(RequestDelegate next)
   at Microsoft.AspNetCore.Builder.ApplicationBuilder.Build()
   at Microsoft.AspNetCore.Hosting.GenericWebHostService.StartAsync(CancellationToken cancellationToken)

2022-04-28 18:36:23.2677 INFO - Application started. Press Ctrl+C to shut down. - 

2022-04-28 18:36:23.3178 INFO - Hosting environment: Development - 

2022-04-28 18:36:23.3178 INFO - Content root path: E:\&&&&sistemas\PegadaHot 2.0\Agencia\src\DevIO.Api - 

2022-04-28 19:09:16.4435 INFO - Application started. Press Ctrl+C to shut down. - 

2022-04-28 19:09:16.4853 INFO - Hosting environment: Development - 

2022-04-28 19:09:16.4955 INFO - Content root path: E:\&&&&sistemas\PegadaHot 2.0\Agencia\src\DevIO.Api - 

2022-04-28 19:09:18.2235 WARN - No type was specified for the decimal property 'valor_aluguel' on entity type 'Garota'. This will cause values to be silently truncated if they do not fit in the default precision and scale. Explicitly specify the SQL server column type that can accommodate all the values in 'OnModelCreating' using 'HasColumnType()', specify precision and scale using 'HasPrecision()' or configure a value converter using 'HasConversion()'. - 

2022-04-28 19:09:18.2235 WARN - No type was specified for the decimal property 'valor_destaque' on entity type 'Garota'. This will cause values to be silently truncated if they do not fit in the default precision and scale. Explicitly specify the SQL server column type that can accommodate all the values in 'OnModelCreating' using 'HasColumnType()', specify precision and scale using 'HasPrecision()' or configure a value converter using 'HasConversion()'. - 

2022-04-28 19:09:18.2235 WARN - No type was specified for the decimal property 'total' on entity type 'GarotaCategoria'. This will cause values to be silently truncated if they do not fit in the default precision and scale. Explicitly specify the SQL server column type that can accommodate all the values in 'OnModelCreating' using 'HasColumnType()', specify precision and scale using 'HasPrecision()' or configure a value converter using 'HasConversion()'. - 

2022-04-28 19:09:18.2235 WARN - No type was specified for the decimal property 'valor_aluguel' on entity type 'GarotaCategoria'. This will cause values to be silently truncated if they do not fit in the default precision and scale. Explicitly specify the SQL server column type that can accommodate all the values in 'OnModelCreating' using 'HasColumnType()', specify precision and scale using 'HasPrecision()' or configure a value converter using 'HasConversion()'. - 

2022-04-28 19:09:18.2414 WARN - No type was specified for the decimal property 'valor_destaque' on entity type 'GarotaCategoria'. This will cause values to be silently truncated if they do not fit in the default precision and scale. Explicitly specify the SQL server column type that can accommodate all the values in 'OnModelCreating' using 'HasColumnType()', specify precision and scale using 'HasPrecision()' or configure a value converter using 'HasConversion()'. - 

2022-04-28 19:09:18.2414 WARN - No type was specified for the decimal property 'Valor' on entity type 'Produto'. This will cause values to be silently truncated if they do not fit in the default precision and scale. Explicitly specify the SQL server column type that can accommodate all the values in 'OnModelCreating' using 'HasColumnType()', specify precision and scale using 'HasPrecision()' or configure a value converter using 'HasConversion()'. - 

2022-04-28 19:59:10.4705 INFO - Application started. Press Ctrl+C to shut down. - 

2022-04-28 19:59:10.5154 INFO - Hosting environment: Development - 

2022-04-28 19:59:10.5248 INFO - Content root path: E:\&&&&sistemas\PegadaHot 2.0\Agencia\src\DevIO.Api - 

2022-04-28 19:59:12.7946 WARN - No type was specified for the decimal property 'valor_aluguel' on entity type 'Garota'. This will cause values to be silently truncated if they do not fit in the default precision and scale. Explicitly specify the SQL server column type that can accommodate all the values in 'OnModelCreating' using 'HasColumnType()', specify precision and scale using 'HasPrecision()' or configure a value converter using 'HasConversion()'. - 

2022-04-28 19:59:12.8073 WARN - No type was specified for the decimal property 'valor_destaque' on entity type 'Garota'. This will cause values to be silently truncated if they do not fit in the default precision and scale. Explicitly specify the SQL server column type that can accommodate all the values in 'OnModelCreating' using 'HasColumnType()', specify precision and scale using 'HasPrecision()' or configure a value converter using 'HasConversion()'. - 

2022-04-28 19:59:12.8201 WARN - No type was specified for the decimal property 'total' on entity type 'GarotaCategoria'. This will cause values to be silently truncated if they do not fit in the default precision and scale. Explicitly specify the SQL server column type that can accommodate all the values in 'OnModelCreating' using 'HasColumnType()', specify precision and scale using 'HasPrecision()' or configure a value converter using 'HasConversion()'. - 

2022-04-28 19:59:12.8201 WARN - No type was specified for the decimal property 'valor_aluguel' on entity type 'GarotaCategoria'. This will cause values to be silently truncated if they do not fit in the default precision and scale. Explicitly specify the SQL server column type that can accommodate all the values in 'OnModelCreating' using 'HasColumnType()', specify precision and scale using 'HasPrecision()' or configure a value converter using 'HasConversion()'. - 

2022-04-28 19:59:12.8341 WARN - No type was specified for the decimal property 'valor_destaque' on entity type 'GarotaCategoria'. This will cause values to be silently truncated if they do not fit in the default precision and scale. Explicitly specify the SQL server column type that can accommodate all the values in 'OnModelCreating' using 'HasColumnType()', specify precision and scale using 'HasPrecision()' or configure a value converter using 'HasConversion()'. - 

2022-04-28 19:59:12.8341 WARN - No type was specified for the decimal property 'Valor' on entity type 'Produto'. This will cause values to be silently truncated if they do not fit in the default precision and scale. Explicitly specify the SQL server column type that can accommodate all the values in 'OnModelCreating' using 'HasColumnType()', specify precision and scale using 'HasPrecision()' or configure a value converter using 'HasConversion()'. - 

